 * Serving Flask app 'app' (lazy loading)
 * Environment: production
   WARNING: This is a development server. Do not use it in a production deployment.
   Use a production WSGI server instead.
 * Debug mode: off
/home/ubuntu/CloudProyecto02/proyecto03v/lib/python3.8/site-packages/flask_sqlalchemy/__init__.py:872: FSADeprecationWarning: SQLALCHEMY_TRACK_MODIFICATIONS adds significant overhead and will be disabled by default in the future.  Set it to True or False to suppress this warning.
  warnings.warn(FSADeprecationWarning(
/home/ubuntu/CloudProyecto02/proyecto03v/lib/python3.8/site-packages/flask_sqlalchemy/__init__.py:872: FSADeprecationWarning: SQLALCHEMY_TRACK_MODIFICATIONS adds significant overhead and will be disabled by default in the future.  Set it to True or False to suppress this warning.
  warnings.warn(FSADeprecationWarning(
 * Running on all addresses (0.0.0.0)
   WARNING: This is a development server. Do not use it in a production deployment.
 * Running on http://127.0.0.1:8081
 * Running on http://172.31.22.71:8081 (Press CTRL+C to quit)
 * Serving Flask app 'app' (lazy loading)
 * Environment: production
   WARNING: This is a development server. Do not use it in a production deployment.
   Use a production WSGI server instead.
 * Debug mode: off
/home/ubuntu/CloudProyecto02/proyecto03v/lib/python3.8/site-packages/flask_sqlalchemy/__init__.py:872: FSADeprecationWarning: SQLALCHEMY_TRACK_MODIFICATIONS adds significant overhead and will be disabled by default in the future.  Set it to True or False to suppress this warning.
  warnings.warn(FSADeprecationWarning(
/home/ubuntu/CloudProyecto02/proyecto03v/lib/python3.8/site-packages/flask_sqlalchemy/__init__.py:872: FSADeprecationWarning: SQLALCHEMY_TRACK_MODIFICATIONS adds significant overhead and will be disabled by default in the future.  Set it to True or False to suppress this warning.
  warnings.warn(FSADeprecationWarning(
Address already in use
Port 8081 is in use by another program. Either identify and stop that program, or start the server with a different port.
 * Serving Flask app 'app' (lazy loading)
 * Environment: production
   WARNING: This is a development server. Do not use it in a production deployment.
   Use a production WSGI server instead.
 * Debug mode: off
/home/ubuntu/CloudProyecto02/proyecto03v/lib/python3.8/site-packages/flask_sqlalchemy/__init__.py:872: FSADeprecationWarning: SQLALCHEMY_TRACK_MODIFICATIONS adds significant overhead and will be disabled by default in the future.  Set it to True or False to suppress this warning.
  warnings.warn(FSADeprecationWarning(
/home/ubuntu/CloudProyecto02/proyecto03v/lib/python3.8/site-packages/flask_sqlalchemy/__init__.py:872: FSADeprecationWarning: SQLALCHEMY_TRACK_MODIFICATIONS adds significant overhead and will be disabled by default in the future.  Set it to True or False to suppress this warning.
  warnings.warn(FSADeprecationWarning(
Address already in use
Port 8081 is in use by another program. Either identify and stop that program, or start the server with a different port.
 * Serving Flask app 'app' (lazy loading)
 * Environment: production
   WARNING: This is a development server. Do not use it in a production deployment.
   Use a production WSGI server instead.
 * Debug mode: off
/home/ubuntu/CloudProyecto02/proyecto03v/lib/python3.8/site-packages/flask_sqlalchemy/__init__.py:872: FSADeprecationWarning: SQLALCHEMY_TRACK_MODIFICATIONS adds significant overhead and will be disabled by default in the future.  Set it to True or False to suppress this warning.
  warnings.warn(FSADeprecationWarning(
/home/ubuntu/CloudProyecto02/proyecto03v/lib/python3.8/site-packages/flask_sqlalchemy/__init__.py:872: FSADeprecationWarning: SQLALCHEMY_TRACK_MODIFICATIONS adds significant overhead and will be disabled by default in the future.  Set it to True or False to suppress this warning.
  warnings.warn(FSADeprecationWarning(
 * Running on all addresses (0.0.0.0)
   WARNING: This is a development server. Do not use it in a production deployment.
 * Running on http://127.0.0.1:8081
 * Running on http://172.31.22.71:8081 (Press CTRL+C to quit)
201.244.236.240 - - [10/Apr/2022 23:21:52] "GET / HTTP/1.1" 200 -
201.244.236.240 - - [10/Apr/2022 23:21:52] "GET /static/sytles/bootstrap.min.css HTTP/1.1" 200 -
201.244.236.240 - - [10/Apr/2022 23:21:52] "GET /static/sytles/signin.css HTTP/1.1" 200 -
201.244.236.240 - - [10/Apr/2022 23:21:52] "GET /static/sytles/supervoices.png HTTP/1.1" 200 -
201.244.236.240 - - [10/Apr/2022 23:21:52] "[33mGET /favicon.ico HTTP/1.1[0m" 404 -
201.244.236.240 - - [10/Apr/2022 23:22:22] "GET / HTTP/1.1" 200 -
201.244.236.240 - - [10/Apr/2022 23:22:22] "[36mGET /static/sytles/bootstrap.min.css HTTP/1.1[0m" 304 -
201.244.236.240 - - [10/Apr/2022 23:22:22] "[36mGET /static/sytles/signin.css HTTP/1.1[0m" 304 -
201.244.236.240 - - [10/Apr/2022 23:22:23] "[36mGET /static/sytles/supervoices.png HTTP/1.1[0m" 304 -
201.244.236.240 - - [10/Apr/2022 23:22:24] "GET / HTTP/1.1" 200 -
201.244.236.240 - - [10/Apr/2022 23:22:24] "[36mGET /static/sytles/bootstrap.min.css HTTP/1.1[0m" 304 -
201.244.236.240 - - [10/Apr/2022 23:22:24] "[36mGET /static/sytles/signin.css HTTP/1.1[0m" 304 -
201.244.236.240 - - [10/Apr/2022 23:22:24] "[36mGET /static/sytles/supervoices.png HTTP/1.1[0m" 304 -
201.244.236.240 - - [10/Apr/2022 23:22:27] "GET / HTTP/1.1" 200 -
201.244.236.240 - - [10/Apr/2022 23:22:27] "[36mGET /static/sytles/bootstrap.min.css HTTP/1.1[0m" 304 -
201.244.236.240 - - [10/Apr/2022 23:22:27] "[36mGET /static/sytles/signin.css HTTP/1.1[0m" 304 -
201.244.236.240 - - [10/Apr/2022 23:22:27] "[36mGET /static/sytles/supervoices.png HTTP/1.1[0m" 304 -
201.244.236.240 - - [10/Apr/2022 23:22:28] "GET / HTTP/1.1" 200 -
201.244.236.240 - - [10/Apr/2022 23:22:28] "[36mGET /static/sytles/bootstrap.min.css HTTP/1.1[0m" 304 -
201.244.236.240 - - [10/Apr/2022 23:22:28] "[36mGET /static/sytles/signin.css HTTP/1.1[0m" 304 -
201.244.236.240 - - [10/Apr/2022 23:22:28] "[36mGET /static/sytles/supervoices.png HTTP/1.1[0m" 304 -
201.244.236.240 - - [10/Apr/2022 23:33:15] "GET / HTTP/1.1" 200 -
201.244.236.240 - - [10/Apr/2022 23:33:15] "[36mGET /static/sytles/bootstrap.min.css HTTP/1.1[0m" 304 -
201.244.236.240 - - [10/Apr/2022 23:33:15] "[36mGET /static/sytles/signin.css HTTP/1.1[0m" 304 -
201.244.236.240 - - [10/Apr/2022 23:33:15] "[36mGET /static/sytles/supervoices.png HTTP/1.1[0m" 304 -
201.244.236.240 - - [10/Apr/2022 23:33:18] "GET /concursos HTTP/1.1" 200 -
201.244.236.240 - - [10/Apr/2022 23:33:18] "[36mGET /static/sytles/bootstrap.min.css HTTP/1.1[0m" 304 -
201.244.236.240 - - [10/Apr/2022 23:33:27] "GET /concursos HTTP/1.1" 200 -
201.244.236.240 - - [10/Apr/2022 23:33:27] "[36mGET /static/sytles/bootstrap.min.css HTTP/1.1[0m" 304 -
201.244.236.240 - - [10/Apr/2022 23:33:29] "GET /login HTTP/1.1" 200 -
201.244.236.240 - - [10/Apr/2022 23:33:29] "[36mGET /static/sytles/bootstrap.min.css HTTP/1.1[0m" 304 -
201.244.236.240 - - [10/Apr/2022 23:33:29] "[36mGET /static/sytles/signin.css HTTP/1.1[0m" 304 -
201.244.236.240 - - [10/Apr/2022 23:33:29] "[36mGET /static/sytles/supervoices.png HTTP/1.1[0m" 304 -
201.244.236.240 - - [10/Apr/2022 23:33:32] "GET /signup/ HTTP/1.1" 200 -
201.244.236.240 - - [10/Apr/2022 23:33:32] "[36mGET /static/sytles/bootstrap.min.css HTTP/1.1[0m" 304 -
201.244.236.240 - - [10/Apr/2022 23:33:32] "[36mGET /static/sytles/signin.css HTTP/1.1[0m" 304 -
201.244.236.240 - - [10/Apr/2022 23:33:32] "[36mGET /static/sytles/supervoices.png HTTP/1.1[0m" 304 -
201.244.236.240 - - [10/Apr/2022 23:34:00] "[32mPOST /signup/ HTTP/1.1[0m" 302 -
201.244.236.240 - - [10/Apr/2022 23:34:00] "GET / HTTP/1.1" 200 -
201.244.236.240 - - [10/Apr/2022 23:34:01] "[36mGET /static/sytles/signin.css HTTP/1.1[0m" 304 -
201.244.236.240 - - [10/Apr/2022 23:34:01] "[36mGET /static/sytles/bootstrap.min.css HTTP/1.1[0m" 304 -
201.244.236.240 - - [10/Apr/2022 23:34:01] "[36mGET /static/sytles/supervoices.png HTTP/1.1[0m" 304 -
201.244.236.240 - - [10/Apr/2022 23:34:07] "GET /admin/concurso/ HTTP/1.1" 200 -
201.244.236.240 - - [10/Apr/2022 23:34:07] "[36mGET /static/sytles/bootstrap.min.css HTTP/1.1[0m" 304 -
201.244.236.240 - - [10/Apr/2022 23:34:08] "[36mGET /static/sytles/signin.css HTTP/1.1[0m" 304 -
201.244.236.240 - - [10/Apr/2022 23:34:08] "[36mGET /static/sytles/supervoices.png HTTP/1.1[0m" 304 -
[2022-04-10 23:34:36,058] ERROR in app: Exception on /admin/concurso/ [POST]
Traceback (most recent call last):
  File "/home/ubuntu/CloudProyecto02/proyecto03v/lib/python3.8/site-packages/flask_login/utils.py", line 277, in decorated_view
    return current_app.ensure_sync(func)(*args, **kwargs)
  File "/home/ubuntu/CloudProyecto02/app/admin/routes.py", line 19, in concurso_form
    path_imagen = secure_filename(form.imagen.data.filename)
AttributeError: 'NoneType' object has no attribute 'filename'

During handling of the above exception, another exception occurred:

Traceback (most recent call last):
  File "/home/ubuntu/CloudProyecto02/proyecto03v/lib/python3.8/site-packages/flask/app.py", line 2077, in wsgi_app
    response = self.full_dispatch_request()
  File "/home/ubuntu/CloudProyecto02/proyecto03v/lib/python3.8/site-packages/flask/app.py", line 1525, in full_dispatch_request
    rv = self.handle_user_exception(e)
  File "/home/ubuntu/CloudProyecto02/proyecto03v/lib/python3.8/site-packages/flask/app.py", line 1523, in full_dispatch_request
    rv = self.dispatch_request()
  File "/home/ubuntu/CloudProyecto02/proyecto03v/lib/python3.8/site-packages/flask/app.py", line 1509, in dispatch_request
    return self.ensure_sync(self.view_functions[rule.endpoint])(**req.view_args)
  File "/home/ubuntu/CloudProyecto02/proyecto03v/lib/python3.8/site-packages/flask_login/utils.py", line 279, in decorated_view
    return func(*args, **kwargs)
  File "/home/ubuntu/CloudProyecto02/app/admin/routes.py", line 19, in concurso_form
    path_imagen = secure_filename(form.imagen.data.filename)
AttributeError: 'NoneType' object has no attribute 'filename'
201.244.236.240 - - [10/Apr/2022 23:34:36] "[35m[1mPOST /admin/concurso/ HTTP/1.1[0m" 500 -
